<?xml version="1.0" encoding="UTF-8"?>
<!-- Generated by org.testng.reporters.JUnitXMLReporter -->
<testsuite ignored="0" hostname="Manjunath-J" failures="1" tests="1" name="Test" time="14.528" errors="0" timestamp="2026-04-10T15:19:06 IST">
  <testcase classname="com.comcast.hrm.generic.baseclass.BaseClass" name="@AfterMethod logout" time="8.804">
    <failure type="org.openqa.selenium.UnhandledAlertException" message="unexpected alert open: {Alert text : Invalid Credentials}
  (Session info: chrome=146.0.7680.178): Invalid Credentials
Build info: version: &amp;apos;4.39.0&amp;apos;, revision: &amp;apos;126f156aee&amp;apos;
System info: os.name: &amp;apos;Windows 11&amp;apos;, os.arch: &amp;apos;amd64&amp;apos;, os.version: &amp;apos;10.0&amp;apos;, java.version: &amp;apos;17.0.12&amp;apos;
Driver info: org.openqa.selenium.chrome.ChromeDriver
Command: [e3867a0b5d6d1ee8daa7311bb0a26eda, findElement {using=xpath, value=//*[name()=&amp;apos;svg&amp;apos; and @data-icon=&amp;apos;right-from-bracket&amp;apos;]}]
Capabilities {acceptInsecureCerts: false, browserName: chrome, browserVersion: 146.0.7680.178, chrome: {chromedriverVersion: 146.0.7680.165 (4b989da09e1..., userDataDir: C:\Users\ravik\AppData\Loca...}, fedcm:accounts: true, goog:chromeOptions: {debuggerAddress: localhost:63050}, goog:processID: 9472, networkConnectionEnabled: false, pageLoadStrategy: normal, platformName: windows, proxy: Proxy(), se:cdp: ws://localhost:63050/devtoo..., se:cdpVersion: 146.0.7680.178, setWindowRect: true, strictFileInteractability: false, timeouts: {implicit: 0, pageLoad: 300000, script: 30000}, unhandledPromptBehavior: dismiss and notify, webauthn:extension:credBlob: true, webauthn:extension:largeBlob: true, webauthn:extension:minPinLength: true, webauthn:extension:prf: true, webauthn:virtualAuthenticators: true}
Session ID: e3867a0b5d6d1ee8daa7311bb0a26eda">
      <![CDATA[org.openqa.selenium.UnhandledAlertException: unexpected alert open: {Alert text : Invalid Credentials}
  (Session info: chrome=146.0.7680.178): Invalid Credentials
Build info: version: '4.39.0', revision: '126f156aee'
System info: os.name: 'Windows 11', os.arch: 'amd64', os.version: '10.0', java.version: '17.0.12'
Driver info: org.openqa.selenium.chrome.ChromeDriver
Command: [e3867a0b5d6d1ee8daa7311bb0a26eda, findElement {using=xpath, value=//*[name()='svg' and @data-icon='right-from-bracket']}]
Capabilities {acceptInsecureCerts: false, browserName: chrome, browserVersion: 146.0.7680.178, chrome: {chromedriverVersion: 146.0.7680.165 (4b989da09e1..., userDataDir: C:\Users\ravik\AppData\Loca...}, fedcm:accounts: true, goog:chromeOptions: {debuggerAddress: localhost:63050}, goog:processID: 9472, networkConnectionEnabled: false, pageLoadStrategy: normal, platformName: windows, proxy: Proxy(), se:cdp: ws://localhost:63050/devtoo..., se:cdpVersion: 146.0.7680.178, setWindowRect: true, strictFileInteractability: false, timeouts: {implicit: 0, pageLoad: 300000, script: 30000}, unhandledPromptBehavior: dismiss and notify, webauthn:extension:credBlob: true, webauthn:extension:largeBlob: true, webauthn:extension:minPinLength: true, webauthn:extension:prf: true, webauthn:virtualAuthenticators: true}
Session ID: e3867a0b5d6d1ee8daa7311bb0a26eda
at org.openqa.selenium.remote.codec.w3c.W3CHttpResponseCodec.decode(W3CHttpResponseCodec.java:140)
at org.openqa.selenium.remote.codec.w3c.W3CHttpResponseCodec.decode(W3CHttpResponseCodec.java:49)
at org.openqa.selenium.remote.HttpCommandExecutor.execute(HttpCommandExecutor.java:215)
at org.openqa.selenium.remote.service.DriverCommandExecutor.invokeExecute(DriverCommandExecutor.java:216)
at org.openqa.selenium.remote.service.DriverCommandExecutor.execute(DriverCommandExecutor.java:174)
at org.openqa.selenium.remote.RemoteWebDriver.execute(RemoteWebDriver.java:561)
at org.openqa.selenium.remote.ElementLocation$ElementFinder$2.findElement(ElementLocation.java:166)
at org.openqa.selenium.remote.ElementLocation.findElement(ElementLocation.java:60)
at org.openqa.selenium.remote.RemoteWebDriver.findElement(RemoteWebDriver.java:384)
at org.openqa.selenium.remote.RemoteWebDriver.findElement(RemoteWebDriver.java:378)
at org.openqa.selenium.support.pagefactory.DefaultElementLocator.findElement(DefaultElementLocator.java:68)
at org.openqa.selenium.support.pagefactory.internal.LocatingElementHandler.invoke(LocatingElementHandler.java:38)
at jdk.proxy2/jdk.proxy2.$Proxy16.isDisplayed(Unknown Source)
at org.openqa.selenium.support.ui.ExpectedConditions.elementIfVisible(ExpectedConditions.java:308)
at org.openqa.selenium.support.ui.ExpectedConditions$10.apply(ExpectedConditions.java:294)
at org.openqa.selenium.support.ui.ExpectedConditions$10.apply(ExpectedConditions.java:291)
at org.openqa.selenium.support.ui.FluentWait.until(FluentWait.java:203)
at com.comcast.hrm.generic.webdriverutility.WebDriverUtility.waitForElementPresent(WebDriverUtility.java:23)
at com.comcast.hrm.generic.baseclass.BaseClass.logout(BaseClass.java:79)
at java.base/java.util.ArrayList.forEach(ArrayList.java:1511)
... Removed 36 stack frames]]>
    </failure>
  </testcase> <!-- @AfterMethod logout -->
  <testcase classname="com.comcast.hrm.generic.baseclass.BaseClass" name="@AfterClass closeBrowser" time="-1.775814545866E9">
    <skipped/>
  </testcase> <!-- @AfterClass closeBrowser -->
  <testcase classname="com.comcast.hrm.createproj.emp.asssignproj.CreateProjEmpAssignProToEmp" name="createProjAndEmp" time="0.032">
    <failure type="org.openqa.selenium.UnhandledAlertException" message="unexpected alert open: {Alert text : Invalid Credentials}
  (Session info: chrome=146.0.7680.178): Invalid Credentials
Build info: version: &amp;apos;4.39.0&amp;apos;, revision: &amp;apos;126f156aee&amp;apos;
System info: os.name: &amp;apos;Windows 11&amp;apos;, os.arch: &amp;apos;amd64&amp;apos;, os.version: &amp;apos;10.0&amp;apos;, java.version: &amp;apos;17.0.12&amp;apos;
Driver info: org.openqa.selenium.chrome.ChromeDriver
Command: [e3867a0b5d6d1ee8daa7311bb0a26eda, findElement {using=xpath, value=//a[text()=&amp;apos;Projects&amp;apos;]}]
Capabilities {acceptInsecureCerts: false, browserName: chrome, browserVersion: 146.0.7680.178, chrome: {chromedriverVersion: 146.0.7680.165 (4b989da09e1..., userDataDir: C:\Users\ravik\AppData\Loca...}, fedcm:accounts: true, goog:chromeOptions: {debuggerAddress: localhost:63050}, goog:processID: 9472, networkConnectionEnabled: false, pageLoadStrategy: normal, platformName: windows, proxy: Proxy(), se:cdp: ws://localhost:63050/devtoo..., se:cdpVersion: 146.0.7680.178, setWindowRect: true, strictFileInteractability: false, timeouts: {implicit: 0, pageLoad: 300000, script: 30000}, unhandledPromptBehavior: dismiss and notify, webauthn:extension:credBlob: true, webauthn:extension:largeBlob: true, webauthn:extension:minPinLength: true, webauthn:extension:prf: true, webauthn:virtualAuthenticators: true}
Session ID: e3867a0b5d6d1ee8daa7311bb0a26eda">
      <![CDATA[org.openqa.selenium.UnhandledAlertException: unexpected alert open: {Alert text : Invalid Credentials}
  (Session info: chrome=146.0.7680.178): Invalid Credentials
Build info: version: '4.39.0', revision: '126f156aee'
System info: os.name: 'Windows 11', os.arch: 'amd64', os.version: '10.0', java.version: '17.0.12'
Driver info: org.openqa.selenium.chrome.ChromeDriver
Command: [e3867a0b5d6d1ee8daa7311bb0a26eda, findElement {using=xpath, value=//a[text()='Projects']}]
Capabilities {acceptInsecureCerts: false, browserName: chrome, browserVersion: 146.0.7680.178, chrome: {chromedriverVersion: 146.0.7680.165 (4b989da09e1..., userDataDir: C:\Users\ravik\AppData\Loca...}, fedcm:accounts: true, goog:chromeOptions: {debuggerAddress: localhost:63050}, goog:processID: 9472, networkConnectionEnabled: false, pageLoadStrategy: normal, platformName: windows, proxy: Proxy(), se:cdp: ws://localhost:63050/devtoo..., se:cdpVersion: 146.0.7680.178, setWindowRect: true, strictFileInteractability: false, timeouts: {implicit: 0, pageLoad: 300000, script: 30000}, unhandledPromptBehavior: dismiss and notify, webauthn:extension:credBlob: true, webauthn:extension:largeBlob: true, webauthn:extension:minPinLength: true, webauthn:extension:prf: true, webauthn:virtualAuthenticators: true}
Session ID: e3867a0b5d6d1ee8daa7311bb0a26eda
at org.openqa.selenium.remote.codec.w3c.W3CHttpResponseCodec.decode(W3CHttpResponseCodec.java:140)
at org.openqa.selenium.remote.codec.w3c.W3CHttpResponseCodec.decode(W3CHttpResponseCodec.java:49)
at org.openqa.selenium.remote.HttpCommandExecutor.execute(HttpCommandExecutor.java:215)
at org.openqa.selenium.remote.service.DriverCommandExecutor.invokeExecute(DriverCommandExecutor.java:216)
at org.openqa.selenium.remote.service.DriverCommandExecutor.execute(DriverCommandExecutor.java:174)
at org.openqa.selenium.remote.RemoteWebDriver.execute(RemoteWebDriver.java:561)
at org.openqa.selenium.remote.ElementLocation$ElementFinder$2.findElement(ElementLocation.java:166)
at org.openqa.selenium.remote.ElementLocation.findElement(ElementLocation.java:60)
at org.openqa.selenium.remote.RemoteWebDriver.findElement(RemoteWebDriver.java:384)
at org.openqa.selenium.remote.RemoteWebDriver.findElement(RemoteWebDriver.java:378)
at org.openqa.selenium.support.pagefactory.DefaultElementLocator.findElement(DefaultElementLocator.java:68)
at org.openqa.selenium.support.pagefactory.internal.LocatingElementHandler.invoke(LocatingElementHandler.java:38)
at jdk.proxy2/jdk.proxy2.$Proxy16.click(Unknown Source)
at com.comcast.hrm.createproj.emp.asssignproj.CreateProjEmpAssignProToEmp.createProjAndEmp(CreateProjEmpAssignProToEmp.java:27)
at java.base/java.util.ArrayList.forEach(ArrayList.java:1511)
... Removed 31 stack frames]]>
    </failure>
  </testcase> <!-- createProjAndEmp -->
</testsuite> <!-- Test -->
